<?xml version="1.0" encoding="UTF-8"?>
<!-- Generated by org.testng.reporters.JUnitReportReporter -->
<testsuite hostname="DESKTOP-G5IDPS8" failures="0" tests="1" name="HomeWork.CheapOAirTest" time="3.833" errors="0" timestamp="2020-06-04T18:54:09 EDT" skipped="0">
  <testcase classname="HomeWork.CheapOAirTest" name="flightsPage" time="3.833"/>
  <system-out/>
</testsuite> <!-- HomeWork.CheapOAirTest -->
