<?xml version="1.0" encoding="UTF-8"?>
<!-- Generated by org.testng.reporters.JUnitReportReporter -->
<testsuite hostname="DESKTOP-G5IDPS8" failures="0" tests="1" name="HomeWork.letsKodeitTest" time="3.331" errors="0" timestamp="2020-06-04T18:44:17 EDT" skipped="0">
  <testcase classname="HomeWork.letsKodeitTest" name="pagePractice" time="3.331"/>
  <system-out/>
</testsuite> <!-- HomeWork.letsKodeitTest -->
