<?xml version="1.0" encoding="UTF-8"?>
<!-- Generated by org.testng.reporters.JUnitReportReporter -->
<testsuite hostname="DESKTOP-G5IDPS8" failures="0" tests="1" name="EndToEndCls23.EndToEndHPO" time="3.911" errors="0" timestamp="2020-06-15T02:32:45 EDT" skipped="0">
  <testcase classname="EndToEndCls23.EndToEndHPO" name="buyingDress" time="3.911"/>
</testsuite> <!-- EndToEndCls23.EndToEndHPO -->
