<?xml version="1.0" encoding="UTF-8"?>
<!-- Generated by org.testng.reporters.JUnitReportReporter -->
<testsuite hostname="DESKTOP-G5IDPS8" failures="0" tests="1" name="online_shopping.SearchTest" time="3.526" errors="0" timestamp="2020-06-12T02:48:25 EDT" skipped="0">
  <testcase classname="online_shopping.SearchTest" name="homePageFctry" time="3.526"/>
</testsuite> <!-- online_shopping.SearchTest -->
