<?xml version="1.0" encoding="UTF-8"?>
<!-- Generated by org.testng.reporters.JUnitReportReporter -->
<testsuite hostname="DESKTOP-G5IDPS8" failures="0" tests="1" name="HomeWork.CheapOAirTest" time="6.140" errors="0" timestamp="2020-06-04T19:07:17 EDT" skipped="0">
  <testcase classname="HomeWork.CheapOAirTest" name="flightsPage" time="6.140"/>
  <system-out/>
</testsuite> <!-- HomeWork.CheapOAirTest -->
